Following files are missing distraction toggles: 
PhpUnitTestsInspector.java
ClassMockingCorrectnessInspector.java
MockingMethodsCorrectnessInspector.java
UnnecessaryAssertionInspector.java
SuspiciousAssignmentsInspector.java
FilePutContentsRaceConditionInspector.java
MkdirRaceConditionInspector.java
ImplicitMagicMethodCallInspector.java
MagicMethodsValidityInspector.java
BypassedUrlValidationInspector.java
NonSecureOpensslVerifyUsageInspector.java
NonSecureShuffleUsageInspector.java
CryptographicallySecureRandomnessInspector.java
CurlSslServerSpoofingInspector.java
RsaOraclePaddingAttacksInspector.java
PotentialMalwareInspector.java
HostnameSubstitutionInspector.java
NonSecureHtmlspecialcharsUsageInspector.java
CommandExecutionAsSuperUserInspector.java
UnserializeExploitsInspector.java
BypassedPathTraversalProtectionInspector.java
NonSecureArrayRandUsageInspector.java
UntrustedInclusionInspector.java
NonSecureCryptUsageInspector.java
NonSecureUniqidUsageInspector.java
CryptographicallySecureAlgorithmsInspector.java
NonSecureHtmlentitiesUsageInspector.java
NonSecureParseStrUsageInspector.java
SecureCookiesTransferInspector.java
NonSecureExtractUsageInspector.java
EncryptionInitializationVectorRandomnessInspector.java
HardcodedCredentialsInspector.java
NonSecureStrShuffleUsageInspector.java
ElvisOperatorCanBeUsedInspector.java
IssetArgumentExistenceInspector.java
NullCoalescingOperatorCanBeUsedInspector.java
ArgumentUnpackingCanBeUsedInspector.java
TraitsPropertiesConflictsInspector.java
UnsupportedStringOffsetOperationsInspector.java
UsingInclusionOnceReturnValueInspector.java
IssetConstructsCanBeMergedInspector.java
TypeUnsafeComparisonInspector.java
ClassConstantCanBeUsedInspector.java
ShortListSyntaxCanBeUsedInspector.java
VariableFunctionsUsageInspector.java
CompactCanBeUsedInspector.java
SwitchContinuationInLoopInspector.java
UnnecessaryIssetArgumentsInspector.java
RedundantElseClauseInspector.java
UnnecessaryEmptinessCheckInspector.java
DynamicInvocationViaScopeResolutionInspector.java
PowerOperatorCanBeUsedInspector.java
UnnecessaryContinueInspector.java
StaticInvocationViaThisInspector.java
TernaryOperatorSimplifyInspector.java
DeclareDirectiveCorrectnessInspector.java
ClassConstantUsageCorrectnessInspector.java
AdditionOperationOnArraysInspection.java
OpAssignShortSyntaxInspector.java
UnsupportedEmptyListAssignmentsInspector.java
UnsupportedSerializeTypesInspector.java
MultiAssignmentUsageInspector.java
InstanceofCanBeUsedInspector.java
ReturnTypeCanBeDeclaredInspector.java
BacktickOperatorUsageInspector.java
IncompleteThrowStatementsInspector.java
PregQuoteUsageInspector.java
CascadeStringReplacementInspector.java
CaseInsensitiveStringFunctionsMissUseInspector.java
StringNormalizationInspector.java
SubStrUsedAsArrayAccessInspector.java
StringCaseManipulationInspector.java
SubStrShortHandUsageInspector.java
SubstringCompareInspector.java
SubStrUsedAsStrPosInspector.java
FixedTimeStartWithInspector.java
StrStrUsedAsStrPosInspector.java
StringsFirstCharactersCompareInspector.java
StrTrUsageAsStrReplaceInspector.java
GetTypeMissUseInspector.java
ThrowRawExceptionInspector.java
IsNullFunctionUsageInspector.java
ForgottenDebugOutputInspector.java
CompactArgumentsInspector.java
SimpleXmlLoadFileUsageInspector.java
FileFunctionMissUseInspector.java
FilePutContentsMissUseInspector.java
FopenBinaryUnsafeUsageInspector.java
DirectoryConstantCanBeUsedInspector.java
RealpathInSteamContextInspector.java
CascadingDirnameCallsInspector.java
PdoApiUsageInspector.java
PropertyInitializationFlawsInspector.java
UnsetConstructsCanBeMergedInspector.java
ConstantCanBeUsedInspector.java
UnqualifiedReferenceInspector.java
InArrayMissUseInspector.java
TypeUnsafeArraySearchInspector.java
ArrayColumnCanBeUsedInspector.java
ArraySearchUsedAsInArrayInspector.java
ArrayMergeMissUseInspector.java
SlowArrayOperationsInLoopInspector.java
ArrayKeysMissUseInspector.java
ArrayValuesMissUseInspector.java
ArrayUniqueCanBeUsedInspector.java
ArrayPushMissUseInspector.java
ArrayFlipCanBeUsedInspector.java
KeysFragmentationWithArrayFunctionsInspector.java
UnSafeIsSetOverArrayInspector.java
UselessUnsetInspector.java
DynamicCallsToScopeIntrospectionInspector.java
AliasFunctionsUsageInspector.java
MktimeUsageInspector.java
GetClassUsageInspector.java
RandomApiMigrationInspector.java
PrintfScanfArgumentsInspector.java
IsEmptyFunctionUsageInspector.java
ExplodeMissUseInspector.java
DateIntervalSpecificationInspector.java
StrtotimeUsageInspector.java
DateTimeConstantsUsageInspector.java
DateUsageInspector.java
DateTimeSetTimeUsageInspector.java
TypesCastingCanBeUsedInspector.java
ScandirUsageInspector.java
OffsetOperationsInspector.java
SuspiciousSemicolonInspector.java
IllusionOfChoiceInspector.java
PassingByReferenceCorrectnessInspector.java
ReferenceMismatchInspector.java
SuspiciousTernaryOperatorInspector.java
UnusedFunctionResultInspector.java
OneTimeUseVariablesInspector.java
UselessReturnInspector.java
NullPointerExceptionInspector.java
SummerTimeUnsafeTimeManipulationInspector.java
CallableMethodValidityInspector.java
ClassOverridesFieldOfSuperClassInspector.java
ClassReImplementsParentInterfaceInspector.java
AutoloadingIssuesInspector.java
EmptyClassInspector.java
ClassMethodNameMatchesFieldNameInspector.java
LongInheritanceChainInspector.java
SenselessProxyMethodInspector.java
AccessModifierPresentedInspector.java
MissingIssetImplementationInspector.java
OverridingDeprecatedMethodInspector.java
SenselessMethodDuplicationInspector.java
DeprecatedConstructorStyleInspector.java
CompositionAndInheritanceInspector.java
CoreInterfacesUsageInspector.java
LowerAccessLevelInspector.java
PropertyCanBeStaticInspector.java
UnusedConstructorDependenciesInspector.java
ClassExistenceCheckInspector.java
InfinityLoopInspector.java
SuspiciousLoopInspector.java
LoopWhichDoesNotLoopInspector.java
CallableInLoopTerminationConditionInspector.java
IncorrectRandomRangeInspector.java
RepetitiveMethodCallsInspector.java
SuspiciousArrayElementInspector.java
MissingDirectorySeparatorInspector.java
SuspiciousBinaryOperationInspector.java
InconsistentQueryBuildInspector.java
InsufficientTypesControlInspector.java
SuspiciousReturnInspector.java
CallableParameterUseCaseInTypeContextInspection.java
OnlyWritesOnParameterInspector.java
MissingElseKeywordInspector.java
IfReturnReturnSimplificationInspector.java
NestedPositiveIfStatementsInspector.java
NotOptimalIfConditionsInspection.java
InvertedIfElseConstructsInspector.java
TransitiveDependenciesUsageInspector.java
UnknownInspectionInspector.java
UnnecessaryCastingInspector.java
AmbiguousMethodsCallsInArrayMappingInspector.java
SenselessCommaInArrayDefinitionInspector.java
MoreThanThreeArgumentsInspector.java
UnnecessaryClosureInspector.java
SelfClassReferencingInspector.java
ShortOpenTagUsageInspector.java
UnnecessaryParenthesesInspector.java
UnnecessarySemicolonInspector.java
MisorderedModifiersInspector.java
UsingInclusionReturnValueInspector.java
ArgumentEqualsDefaultValueInspector.java
MultipleReturnStatementsInspector.java
BadExceptionsProcessingInspector.java
UnusedGotoLabelInspector.java
NestedNotOperatorsInspector.java
UnnecessaryVariableOverridesInspector.java
CallableReferenceNameMismatchInspector.java
ParameterDefaultValueIsNotNullInspector.java
ComparisonOperandsOrderInspector.java
UnnecessaryUseAliasInspector.java
EfferentObjectCouplingInspector.java
DisallowWritingIntoStaticPropertiesInspector.java
UnNecessaryDoubleQuotesInspector.java
DeprecatedIniOptionsInspector.java
ReferencingObjectsInspector.java
MissingOrEmptyGroupStatementInspector.java
UnnecessaryFinalModifierInspector.java
PackedHashtableOptimizationInspector.java
StrlenInEmptyStringCheckContextInspection.java
IncrementDecrementOperationEquivalentInspector.java
NestedTernaryOperatorInspector.java
DegradedSwitchInspector.java
DisconnectedForeachInstructionInspector.java
AlterInForeachInspector.java
ForeachSourceInspector.java
ForeachInvariantsInspector.java
NotOptimalRegularExpressionsInspector.java
